# Push Log for the-envy-nexus
# Generated by gitfield-sync

[2025-06-16T01:23:07Z] Local: , Branch=master, Commit=e14e007
  Diff Summary:
     .gitfield/local.sigil.md | 59 ++++++++++++++++++++++++++++++++++++++++++++++++
     1 file changed, 59 insertions(+)
[2025-06-16T01:23:43Z] Radicle: RID=rad:z3FEj7rF8gZw9eFksCuiN43qjzrex, Peer ID=z6Mkw5s3ppo26C7y7tGK5MD8n2GqTHS582PPpeX5Xqbu2Mpz, Branch=master, Commit=e14e007
  CLI: rad inspect rad:z3FEj7rF8gZw9eFksCuiN43qjzrex # View project details
  CLI: git ls-tree -r --name-only HEAD # View file structure
  Diff Summary:
     .gitfield/radicle.sigil.md | 67 ++++++++++++++++++++++++++++++++++++++++++++++
     1 file changed, 67 insertions(+)
[2025-06-16T01:23:50Z] Forgejo: https://remember.thefoldwithin.earth/mrhavens/the-envy-nexus, Branch=master, Commit=e14e007
  Diff Summary:
     .gitfield/remember.sigil.md | 59 +++++++++++++++++++++++++++++++++++++++++++++
     1 file changed, 59 insertions(+)
[2025-06-16T01:24:08Z] Codeberg: https://codeberg.org/mrhavens/the-envy-nexus, Branch=master, Commit=e14e007
  Diff Summary:
     .gitfield/codeberg.sigil.md | 59 +++++++++++++++++++++++++++++++++++++++++++++
     1 file changed, 59 insertions(+)
[2025-06-16T01:24:19Z] GitLab: https://gitlab.com/mrhavens/the-envy-nexus, Branch=master, Commit=e14e007
  Diff Summary:
     .gitfield/gitlab.sigil.md | 59 +++++++++++++++++++++++++++++++++++++++++++++++
     1 file changed, 59 insertions(+)
